<?xml version="1.0" encoding="UTF-8"?>
<!-- Generated by org.testng.reporters.JUnitReportReporter -->
<testsuite hostname="DESKTOP-5GJO1TQ" name="com.pom.testcases.ElectricityTestCase" tests="1" failures="0" timestamp="12 Mar 2019 15:32:32 GMT" time="35.858" errors="0">
  <testcase name="electricity" time="35.858" classname="com.pom.testcases.ElectricityTestCase"/>
</testsuite> <!-- com.pom.testcases.ElectricityTestCase -->
