<?xml version="1.0" encoding="UTF-8"?>
<!-- Generated by org.testng.reporters.JUnitReportReporter -->
<testsuite hostname="DESKTOP-5GJO1TQ" name="com.pom.testcases.BookFlightsTestCase" tests="1" failures="0" timestamp="12 Mar 2019 13:19:44 GMT" time="24.483" errors="0">
  <testcase name="bookFlights" time="24.483" classname="com.pom.testcases.BookFlightsTestCase"/>
</testsuite> <!-- com.pom.testcases.BookFlightsTestCase -->
