<?xml version="1.0" encoding="UTF-8"?>
<!-- Generated by org.testng.reporters.JUnitReportReporter -->
<testsuite hostname="DESKTOP-5GJO1TQ" name="com.pom.testcases.HomePage.HomePageTestCase" tests="1" failures="0" timestamp="11 Mar 2019 15:50:24 GMT" time="0.216" errors="0">
  <testcase name="loginWithInvalidData" time="0.216" classname="com.pom.testcases.HomePage.HomePageTestCase"/>
</testsuite> <!-- com.pom.testcases.HomePage.HomePageTestCase -->
